ftp.principal.com -> ftp.server.net (02:13-2006/05/09) 1227487 bytes, 1.29 secs
223.1.1.1 -> ftp.server.net (02:16-2006/05/09) 368628 bytes, 2.1 secs
irs.treas.gov -> ftp.server.net (02:23-2006/05/09) 895085 bytes, 3.06 secs
leviathan.usda.gov <- ftp.server.net (02:27-2006/05/09) 1564479 bytes, 2 secs
irs.treas.gov <- ftp.server.net (02:29-2006/05/09) 231854 bytes, 0.4 secs
fly.bynite.com <- ftp.server.net (02:32-2006/05/09) 704559 bytes, 0.98 secs
skybowl.eec.com -> ftp.server.net (02:39-2006/05/09) 1077863 bytes, 1.41 secs
223.1.1.1 <- ftp.server.net (02:45-2006/05/09) 200002 bytes, 0.27 secs
223.1.1.1 -> ftp.server.net (03:01-2006/05/09) 143360 bytes, 0.25 secs
irs.treas.gov -> ftp.server.net (03:09-2006/05/09) 91312 bytes, 0.23 secs
azhrei.eec.com <- ftp.server.net (03:23-2006/05/09) 753391 bytes, 1.94 secs
fly.bynite.com -> ftp.server.net (03:31-2006/05/09) 1332759 bytes, 6.6 secs
leviathan.usda.gov -> ftp.server.net (03:44-2006/05/09) 331262 bytes, 2.47 secs
irs.treas.gov -> ftp.server.net (03:45-2006/05/09) 1073817 bytes, 1.12 secs
fly.bynite.com <- ftp.server.net (03:59-2006/05/09) 38734 bytes, 0.39 secs
irs.treas.gov <- ftp.server.net (04:06-2006/05/09) 602235 bytes, 1 secs
azhdeen.eec.com <- ftp.server.net (04:07-2006/05/09) 1318906 bytes, 1.62 secs
leviathan.usda.gov <- ftp.server.net (04:11-2006/05/09) 569027 bytes, 1.81 secs
azhrei.eec.com <- ftp.server.net (04:24-2006/05/09) 24363 bytes, 0.07 secs
skybowl.eec.com <- ftp.server.net (04:38-2006/05/09) 1383338 bytes, 1.57 secs
fly.bynite.com <- ftp.server.net (04:52-2006/05/09) 956969 bytes, 1.28 secs
azhrei.eec.com -> ftp.server.net (05:05-2006/05/09) 563468 bytes, 0.96 secs
irs.treas.gov <- ftp.server.net (05:20-2006/05/09) 996552 bytes, 2.73 secs
skybowl.eec.com <- ftp.server.net (05:32-2006/05/09) 374103 bytes, 1.21 secs
223.1.1.1 -> ftp.server.net (05:33-2006/05/09) 350715 bytes, 26.95 secs
fly.bynite.com -> ftp.server.net (05:47-2006/05/09) 835594 bytes, 1.41 secs
leviathan.usda.gov -> ftp.server.net (06:03-2006/05/09) 1210534 bytes, 12.14 secs
leviathan.usda.gov -> ftp.server.net (06:05-2006/05/09) 768690 bytes, 0.92 secs
leviathan.usda.gov -> ftp.server.net (06:19-2006/05/09) 1303635 bytes, 11.18 secs
leviathan.usda.gov -> ftp.server.net (06:31-2006/05/09) 797446 bytes, 1.19 secs
irs.treas.gov <- ftp.server.net (06:38-2006/05/09) 1152110 bytes, 3.81 secs
ftp.principal.com <- ftp.server.net (06:50-2006/05/09) 1338322 bytes, 5.53 secs
massmrkt.net <- ftp.server.net (07:00-2006/05/09) 1188769 bytes, 2.72 secs
skybowl.eec.com <- ftp.server.net (07:13-2006/05/09) 11541 bytes, 0.02 secs
massmrkt.net <- ftp.server.net (07:25-2006/05/09) 95100 bytes, 0.17 secs
fly.bynite.com -> ftp.server.net (07:41-2006/05/09) 111461 bytes, 0.53 secs
irs.treas.gov <- ftp.server.net (07:53-2006/05/09) 483009 bytes, 1.23 secs
skybowl.eec.com -> ftp.server.net (07:53-2006/05/09) 36920 bytes, 0.04 secs
ftp.principal.com <- ftp.server.net (07:58-2006/05/09) 1644737 bytes, 2.95 secs
fly.bynite.com <- ftp.server.net (08:00-2006/05/09) 1358513 bytes, 1.88 secs
fly.bynite.com <- ftp.server.net (08:02-2006/05/09) 1331305 bytes, 1.7 secs
223.1.1.1 <- ftp.server.net (08:05-2006/05/09) 71370 bytes, 0.07 secs
massmrkt.net <- ftp.server.net (08:18-2006/05/09) 646318 bytes, 2.95 secs
irs.treas.gov -> ftp.server.net (08:33-2006/05/09) 1257672 bytes, 2.26 secs
azhdeen.eec.com -> ftp.server.net (08:35-2006/05/09) 1120963 bytes, 4.94 secs
massmrkt.net <- ftp.server.net (08:48-2006/05/09) 505447 bytes, 0.62 secs
irs.treas.gov <- ftp.server.net (09:00-2006/05/09) 386716 bytes, 0.83 secs
irs.treas.gov -> ftp.server.net (09:06-2006/05/09) 1224579 bytes, 2.03 secs
fly.bynite.com -> ftp.server.net (09:13-2006/05/09) 1248032 bytes, 5.15 secs
massmrkt.net <- ftp.server.net (09:24-2006/05/09) 1242449 bytes, 1.64 secs
azhrei.eec.com -> ftp.server.net (09:31-2006/05/09) 769423 bytes, 0.87 secs
leviathan.usda.gov <- ftp.server.net (09:35-2006/05/09) 443822 bytes, 0.61 secs
223.1.1.1 -> ftp.server.net (09:45-2006/05/09) 67781 bytes, 0.27 secs
irs.treas.gov <- ftp.server.net (09:57-2006/05/09) 164081 bytes, 0.36 secs
irs.treas.gov -> ftp.server.net (10:03-2006/05/09) 1042038 bytes, 2.64 secs
irs.treas.gov -> ftp.server.net (10:10-2006/05/09) 313713 bytes, 0.65 secs
ftp.principal.com <- ftp.server.net (10:27-2006/05/09) 66607 bytes, 0.38 secs
azhdeen.eec.com <- ftp.server.net (10:36-2006/05/09) 424737 bytes, 0.77 secs
223.1.1.1 <- ftp.server.net (10:40-2006/05/09) 226280 bytes, 5.2 secs
azhdeen.eec.com <- ftp.server.net (10:53-2006/05/09) 683978 bytes, 1.84 secs
massmrkt.net <- ftp.server.net (10:53-2006/05/09) 273551 bytes, 0.46 secs
ftp.principal.com -> ftp.server.net (10:58-2006/05/09) 876712 bytes, 0.99 secs
irs.treas.gov <- ftp.server.net (11:08-2006/05/09) 277513 bytes, 0.52 secs
fly.bynite.com <- ftp.server.net (11:20-2006/05/09) 292611 bytes, 8.23 secs
irs.treas.gov <- ftp.server.net (11:27-2006/05/09) 1229201 bytes, 1.28 secs
fly.bynite.com -> ftp.server.net (11:43-2006/05/09) 743930 bytes, 4.17 secs
ftp.principal.com <- ftp.server.net (11:53-2006/05/09) 878126 bytes, 1.16 secs
massmrkt.net -> ftp.server.net (12:03-2006/05/09) 858757 bytes, 2.69 secs
azhdeen.eec.com <- ftp.server.net (12:09-2006/05/09) 1236203 bytes, 2.6 secs
irs.treas.gov -> ftp.server.net (12:15-2006/05/09) 326559 bytes, 0.44 secs
fly.bynite.com -> ftp.server.net (12:20-2006/05/09) 269819 bytes, 0.44 secs
azhrei.eec.com -> ftp.server.net (12:23-2006/05/09) 616920 bytes, 0.9 secs
skybowl.eec.com -> ftp.server.net (12:32-2006/05/09) 748783 bytes, 1.29 secs
skybowl.eec.com -> ftp.server.net (12:33-2006/05/09) 698960 bytes, 0.93 secs
massmrkt.net -> ftp.server.net (12:45-2006/05/09) 720602 bytes, 1.11 secs
223.1.1.1 -> ftp.server.net (12:54-2006/05/09) 333437 bytes, 1.63 secs
skybowl.eec.com <- ftp.server.net (13:10-2006/05/09) 288414 bytes, 1.31 secs
leviathan.usda.gov -> ftp.server.net (13:19-2006/05/09) 1538603 bytes, 1.83 secs
leviathan.usda.gov <- ftp.server.net (13:20-2006/05/09) 623662 bytes, 0.73 secs
leviathan.usda.gov <- ftp.server.net (13:29-2006/05/09) 1707700 bytes, 2.08 secs
fly.bynite.com <- ftp.server.net (13:41-2006/05/09) 1076622 bytes, 4.34 secs
azhdeen.eec.com -> ftp.server.net (13:46-2006/05/09) 764212 bytes, 11.06 secs
irs.treas.gov -> ftp.server.net (13:54-2006/05/09) 410207 bytes, 0.61 secs
massmrkt.net -> ftp.server.net (13:59-2006/05/09) 904413 bytes, 1.36 secs
massmrkt.net -> ftp.server.net (14:15-2006/05/09) 1126864 bytes, 7.51 secs
leviathan.usda.gov <- ftp.server.net (14:31-2006/05/09) 1591737 bytes, 4.34 secs
ftp.principal.com -> ftp.server.net (14:37-2006/05/09) 50219 bytes, 0.13 secs
leviathan.usda.gov <- ftp.server.net (14:42-2006/05/09) 955062 bytes, 1.12 secs
223.1.1.1 -> ftp.server.net (14:55-2006/05/09) 375679 bytes, 1.44 secs
azhrei.eec.com -> ftp.server.net (14:56-2006/05/09) 211849 bytes, 0.23 secs
azhrei.eec.com <- ftp.server.net (15:09-2006/05/09) 1124352 bytes, 100.91 secs
fly.bynite.com -> ftp.server.net (15:25-2006/05/09) 566449 bytes, 0.92 secs
massmrkt.net -> ftp.server.net (15:39-2006/05/09) 1105229 bytes, 1.4 secs
azhrei.eec.com -> ftp.server.net (15:49-2006/05/09) 415963 bytes, 0.59 secs
skybowl.eec.com <- ftp.server.net (15:50-2006/05/09) 603589 bytes, 0.67 secs
irs.treas.gov -> ftp.server.net (16:06-2006/05/09) 54294 bytes, 0.08 secs
massmrkt.net <- ftp.server.net (16:06-2006/05/09) 944423 bytes, 1.49 secs
ftp.principal.com -> ftp.server.net (16:18-2006/05/09) 326445 bytes, 9.5 secs
skybowl.eec.com <- ftp.server.net (16:19-2006/05/09) 409127 bytes, 0.47 secs
223.1.1.1 -> ftp.server.net (16:30-2006/05/09) 343347 bytes, 1.75 secs
massmrkt.net -> ftp.server.net (16:43-2006/05/09) 609619 bytes, 2.77 secs
leviathan.usda.gov <- ftp.server.net (16:46-2006/05/09) 563083 bytes, 1.23 secs
leviathan.usda.gov -> ftp.server.net (16:52-2006/05/09) 87969 bytes, 0.95 secs
massmrkt.net <- ftp.server.net (17:07-2006/05/09) 433631 bytes, 0.45 secs
leviathan.usda.gov -> ftp.server.net (17:20-2006/05/09) 1041797 bytes, 1.63 secs
azhrei.eec.com <- ftp.server.net (17:35-2006/05/09) 1334081 bytes, 1.38 secs
massmrkt.net <- ftp.server.net (17:48-2006/05/09) 21583 bytes, 0.07 secs
azhrei.eec.com <- ftp.server.net (17:48-2006/05/09) 990390 bytes, 1.95 secs
skybowl.eec.com <- ftp.server.net (17:51-2006/05/09) 704526 bytes, 7.81 secs
leviathan.usda.gov <- ftp.server.net (18:07-2006/05/09) 1231814 bytes, 1.66 secs
leviathan.usda.gov -> ftp.server.net (18:22-2006/05/09) 1585594 bytes, 106.34 secs
fly.bynite.com -> ftp.server.net (18:37-2006/05/09) 480591 bytes, 0.65 secs
skybowl.eec.com <- ftp.server.net (18:40-2006/05/09) 38810 bytes, 0.35 secs
skybowl.eec.com -> ftp.server.net (18:54-2006/05/09) 810177 bytes, 1.04 secs
fly.bynite.com <- ftp.server.net (19:08-2006/05/09) 986221 bytes, 5.16 secs
ftp.principal.com <- ftp.server.net (19:24-2006/05/09) 1399271 bytes, 4.15 secs
fly.bynite.com <- ftp.server.net (19:30-2006/05/09) 715288 bytes, 1.28 secs
azhdeen.eec.com -> ftp.server.net (19:44-2006/05/09) 31315 bytes, 0.04 secs
azhdeen.eec.com <- ftp.server.net (19:45-2006/05/09) 947682 bytes, 3.74 secs
irs.treas.gov -> ftp.server.net (20:00-2006/05/09) 242183 bytes, 7.87 secs
skybowl.eec.com <- ftp.server.net (20:02-2006/05/09) 1435404 bytes, 2 secs
223.1.1.1 -> ftp.server.net (20:18-2006/05/09) 245990 bytes, 0.35 secs
223.1.1.1 -> ftp.server.net (20:30-2006/05/09) 234304 bytes, 0.53 secs
leviathan.usda.gov <- ftp.server.net (20:47-2006/05/09) 604469 bytes, 1.72 secs
leviathan.usda.gov <- ftp.server.net (20:54-2006/05/09) 296033 bytes, 3.31 secs
skybowl.eec.com <- ftp.server.net (21:08-2006/05/09) 269236 bytes, 1.3 secs
azhdeen.eec.com -> ftp.server.net (21:18-2006/05/09) 531653 bytes, 2.06 secs
azhdeen.eec.com -> ftp.server.net (21:35-2006/05/09) 559776 bytes, 0.65 secs
azhrei.eec.com <- ftp.server.net (21:49-2006/05/09) 398478 bytes, 0.6 secs
azhdeen.eec.com -> ftp.server.net (21:54-2006/05/09) 43773 bytes, 0.07 secs
leviathan.usda.gov -> ftp.server.net (22:00-2006/05/09) 1753886 bytes, 2.97 secs
massmrkt.net <- ftp.server.net (22:03-2006/05/09) 910133 bytes, 187 secs
leviathan.usda.gov -> ftp.server.net (22:20-2006/05/09) 163719 bytes, 0.23 secs
skybowl.eec.com -> ftp.server.net (22:29-2006/05/09) 1095287 bytes, 2.45 secs
ftp.principal.com <- ftp.server.net (22:45-2006/05/09) 1241171 bytes, 1.4 secs
223.1.1.1 -> ftp.server.net (22:49-2006/05/09) 125412 bytes, 4.31 secs
ftp.principal.com -> ftp.server.net (23:03-2006/05/09) 1465074 bytes, 2.38 secs
skybowl.eec.com -> ftp.server.net (23:04-2006/05/09) 1066798 bytes, 1.5 secs
ftp.principal.com -> ftp.server.net (23:12-2006/05/09) 1309776 bytes, 2.06 secs
leviathan.usda.gov <- ftp.server.net (23:25-2006/05/09) 1439839 bytes, 19.3 secs
fly.bynite.com <- ftp.server.net (23:28-2006/05/09) 1091009 bytes, 2.59 secs
skybowl.eec.com -> ftp.server.net (23:38-2006/05/09) 1176400 bytes, 3.51 secs
ftp.principal.com -> ftp.server.net (23:46-2006/05/09) 1594459 bytes, 3.59 secs
skybowl.eec.com -> ftp.server.net (23:56-2006/05/09) 141825 bytes, 0.19 secs
ftp.principal.com -> ftp.server.net (00:00-2006/05/10) 442548 bytes, 1.39 secs
skybowl.eec.com <- ftp.server.net (00:15-2006/05/10) 1005265 bytes, 1.25 secs
massmrkt.net <- ftp.server.net (00:28-2006/05/10) 546257 bytes, 0.87 secs
skybowl.eec.com <- ftp.server.net (00:44-2006/05/10) 592048 bytes, 0.74 secs
massmrkt.net -> ftp.server.net (00:45-2006/05/10) 62903 bytes, 0.08 secs
fly.bynite.com <- ftp.server.net (00:59-2006/05/10) 468955 bytes, 0.61 secs
irs.treas.gov -> ftp.server.net (01:08-2006/05/10) 1095466 bytes, 1.42 secs
massmrkt.net <- ftp.server.net (01:19-2006/05/10) 419089 bytes, 0.92 secs
skybowl.eec.com -> ftp.server.net (01:30-2006/05/10) 268119 bytes, 0.53 secs
azhrei.eec.com <- ftp.server.net (01:46-2006/05/10) 903202 bytes, 1.71 secs
fly.bynite.com -> ftp.server.net (01:53-2006/05/10) 1099651 bytes, 1.48 secs
ftp.principal.com -> ftp.server.net (01:56-2006/05/10) 17379 bytes, 16.42 secs
ftp.principal.com <- ftp.server.net (02:00-2006/05/10) 976433 bytes, 2.52 secs
azhdeen.eec.com -> ftp.server.net (02:05-2006/05/10) 201721 bytes, 0.36 secs
massmrkt.net <- ftp.server.net (02:16-2006/05/10) 1227721 bytes, 1.3 secs
223.1.1.1 -> ftp.server.net (02:19-2006/05/10) 311063 bytes, 0.52 secs
skybowl.eec.com -> ftp.server.net (02:30-2006/05/10) 80803 bytes, 0.09 secs
azhdeen.eec.com <- ftp.server.net (02:31-2006/05/10) 768733 bytes, 3.03 secs
fly.bynite.com <- ftp.server.net (02:40-2006/05/10) 96077 bytes, 0.29 secs
leviathan.usda.gov <- ftp.server.net (02:44-2006/05/10) 734123 bytes, 1.43 secs
skybowl.eec.com -> ftp.server.net (02:46-2006/05/10) 1196296 bytes, 32.4 secs
223.1.1.1 <- ftp.server.net (02:52-2006/05/10) 171761 bytes, 0.25 secs
skybowl.eec.com <- ftp.server.net (03:02-2006/05/10) 1368185 bytes, 13.89 secs
223.1.1.1 -> ftp.server.net (03:13-2006/05/10) 77144 bytes, 0.14 secs
fly.bynite.com -> ftp.server.net (03:23-2006/05/10) 600993 bytes, 0.78 secs
ftp.principal.com -> ftp.server.net (03:33-2006/05/10) 357346 bytes, 6.82 secs
leviathan.usda.gov -> ftp.server.net (03:45-2006/05/10) 26704 bytes, 0.16 secs
azhdeen.eec.com -> ftp.server.net (03:48-2006/05/10) 195422 bytes, 0.29 secs
fly.bynite.com <- ftp.server.net (04:01-2006/05/10) 804878 bytes, 1.27 secs
azhrei.eec.com <- ftp.server.net (04:15-2006/05/10) 259809 bytes, 0.67 secs
massmrkt.net -> ftp.server.net (04:18-2006/05/10) 595648 bytes, 2.59 secs
skybowl.eec.com <- ftp.server.net (04:33-2006/05/10) 100218 bytes, 0.32 secs
fly.bynite.com <- ftp.server.net (04:49-2006/05/10) 72770 bytes, 0.09 secs
azhrei.eec.com -> ftp.server.net (05:03-2006/05/10) 1315407 bytes, 3.99 secs
massmrkt.net -> ftp.server.net (05:16-2006/05/10) 637352 bytes, 1.81 secs
leviathan.usda.gov <- ftp.server.net (05:28-2006/05/10) 661689 bytes, 1.26 secs
irs.treas.gov -> ftp.server.net (05:44-2006/05/10) 105553 bytes, 5.51 secs
223.1.1.1 -> ftp.server.net (05:54-2006/05/10) 203074 bytes, 4.87 secs
leviathan.usda.gov <- ftp.server.net (06:01-2006/05/10) 220668 bytes, 0.49 secs
223.1.1.1 <- ftp.server.net (06:11-2006/05/10) 292488 bytes, 0.32 secs
leviathan.usda.gov <- ftp.server.net (06:28-2006/05/10) 124468 bytes, 0.13 secs
massmrkt.net -> ftp.server.net (06:29-2006/05/10) 821159 bytes, 5.55 secs
ftp.principal.com <- ftp.server.net (06:43-2006/05/10) 304855 bytes, 0.44 secs
fly.bynite.com <- ftp.server.net (06:55-2006/05/10) 1175900 bytes, 5.36 secs
azhdeen.eec.com <- ftp.server.net (07:07-2006/05/10) 774808 bytes, 1.94 secs
azhrei.eec.com -> ftp.server.net (07:08-2006/05/10) 1012602 bytes, 1.3 secs
fly.bynite.com -> ftp.server.net (07:13-2006/05/10) 29836 bytes, 0.03 secs
skybowl.eec.com <- ftp.server.net (07:17-2006/05/10) 720354 bytes, 0.98 secs
azhdeen.eec.com -> ftp.server.net (07:29-2006/05/10) 653282 bytes, 1.35 secs
azhrei.eec.com -> ftp.server.net (07:31-2006/05/10) 1040107 bytes, 84.66 secs
irs.treas.gov -> ftp.server.net (07:40-2006/05/10) 146801 bytes, 5.3 secs
azhrei.eec.com -> ftp.server.net (07:52-2006/05/10) 114476 bytes, 0.12 secs
leviathan.usda.gov <- ftp.server.net (08:08-2006/05/10) 349275 bytes, 0.87 secs
leviathan.usda.gov <- ftp.server.net (08:16-2006/05/10) 200854 bytes, 0.23 secs
massmrkt.net -> ftp.server.net (08:21-2006/05/10) 803285 bytes, 2.61 secs
fly.bynite.com -> ftp.server.net (08:32-2006/05/10) 1302793 bytes, 2.72 secs
leviathan.usda.gov <- ftp.server.net (08:40-2006/05/10) 1445356 bytes, 2.8 secs
irs.treas.gov <- ftp.server.net (08:41-2006/05/10) 221373 bytes, 0.38 secs
azhrei.eec.com <- ftp.server.net (08:52-2006/05/10) 502734 bytes, 1.63 secs
massmrkt.net <- ftp.server.net (08:59-2006/05/10) 1137406 bytes, 1.18 secs
azhrei.eec.com <- ftp.server.net (09:08-2006/05/10) 1006705 bytes, 1.28 secs
leviathan.usda.gov <- ftp.server.net (09:11-2006/05/10) 1190617 bytes, 3.43 secs
azhrei.eec.com <- ftp.server.net (09:11-2006/05/10) 16112 bytes, 0.01 secs
skybowl.eec.com -> ftp.server.net (09:16-2006/05/10) 53076 bytes, 0.27 secs
fly.bynite.com -> ftp.server.net (09:17-2006/05/10) 64456 bytes, 0.78 secs
leviathan.usda.gov <- ftp.server.net (09:28-2006/05/10) 607659 bytes, 1.79 secs
223.1.1.1 <- ftp.server.net (09:44-2006/05/10) 353872 bytes, 0.56 secs
223.1.1.1 -> ftp.server.net (09:49-2006/05/10) 374630 bytes, 0.6 secs
massmrkt.net <- ftp.server.net (09:56-2006/05/10) 241804 bytes, 0.27 secs
irs.treas.gov <- ftp.server.net (10:09-2006/05/10) 285361 bytes, 0.55 secs
azhdeen.eec.com -> ftp.server.net (10:11-2006/05/10) 637156 bytes, 2 secs
skybowl.eec.com <- ftp.server.net (10:17-2006/05/10) 439209 bytes, 1.09 secs
azhdeen.eec.com -> ftp.server.net (10:19-2006/05/10) 921026 bytes, 15.41 secs
223.1.1.1 -> ftp.server.net (10:35-2006/05/10) 5959 bytes, 0 secs
leviathan.usda.gov <- ftp.server.net (10:46-2006/05/10) 882270 bytes, 1.45 secs
azhdeen.eec.com -> ftp.server.net (10:56-2006/05/10) 763505 bytes, 1.7 secs
ftp.principal.com <- ftp.server.net (11:07-2006/05/10) 1536667 bytes, 18.03 secs
azhdeen.eec.com -> ftp.server.net (11:09-2006/05/10) 1211410 bytes, 2.36 secs
